0 silly argv {
0 silly argv   _: [ 'publish' ],
0 silly argv   'dist-tag': 'latest',
0 silly argv   distTag: 'latest',
0 silly argv   contents: 'build',
0 silly argv   composed: 'publish',
0 silly argv   lernaVersion: '4.0.0',
0 silly argv   '$0': 'lerna',
0 silly argv   bump: 'from-package'
0 silly argv }
1 notice cli v4.0.0
2 verbose rootPath /Users/adreansyahaswafi/myworkingspaces/package/lerna
3 info versioning independent
4 verbose session 54738b789872dd1d
5 verbose user-agent lerna/4.0.0/node@v14.17.3+x64 (darwin)
6 verbose git-describe undefined => "@adreansyah/edts-bytes@1.0.2-7-gb0174b5"
7 silly git-describe parsed => {"lastTagName":"@adreansyah/edts-bytes@1.0.2","lastVersion":"1.0.2","refCount":"7","sha":"b0174b5","isDirty":false}
8 silly getUnpublishedPackages
9 warn Unable to determine published version, assuming "@adreansyah/edts-bytes" unpublished.
10 warn Unable to determine published version, assuming "@adreansyah/edts-tracker" unpublished.
11 info publish Publishing packages to npm...
12 notice Skipping all user and access validation due to third-party registry
13 notice Make sure you're authenticated properly ¯\_(ツ)_/¯
14 warn ENOLICENSE Packages @adreansyah/edts-bytes and @adreansyah/edts-tracker are missing a license.
14 warn ENOLICENSE One way to fix this is to add a LICENSE.md file to the root of this repository.
14 warn ENOLICENSE See https://choosealicense.com for additional guidance.
15 silly getCurrentSHA
16 verbose getCurrentSHA b0174b583948a868d71fe9a17cc503988daf869d
17 silly lifecycle No script for "prepublish" in "@adreansyah/inhouse", continuing
18 silly lifecycle No script for "prepare" in "@adreansyah/inhouse", continuing
19 silly lifecycle No script for "prepublishOnly" in "@adreansyah/inhouse", continuing
20 silly lifecycle No script for "prepack" in "@adreansyah/inhouse", continuing
21 verbose pack-directory packages/edts-bytes/build
22 verbose pack-directory packages/edts-tracker/build
23 silly lifecycle No script for "prepublish" in "@adreansyah/edts-bytes", continuing
24 silly lifecycle No script for "prepublish" in "@adreansyah/edts-tracker", continuing
25 silly lifecycle No script for "prepare" in "@adreansyah/edts-bytes", continuing
26 silly lifecycle No script for "prepare" in "@adreansyah/edts-tracker", continuing
27 silly lifecycle No script for "prepublishOnly" in "@adreansyah/edts-bytes", continuing
28 silly lifecycle No script for "prepublishOnly" in "@adreansyah/edts-tracker", continuing
29 silly lifecycle No script for "prepack" in "@adreansyah/edts-bytes", continuing
30 silly lifecycle No script for "prepack" in "@adreansyah/edts-tracker", continuing
31 error
